<?xml version="1.0" encoding="UTF-8"?>
<testsuite xmlns:xsi="http://www.w3.org/2001/XMLSchema-instance" xsi:noNamespaceSchemaLocation="https://maven.apache.org/surefire/maven-surefire-plugin/xsd/surefire-test-report.xsd" name="com.VacuumCleaner.Runners.CukesRunner" time="0.009" tests="1" errors="1" skipped="0" failures="0">
  <properties>
[...]
</properties>
  <testcase name="initializationError" classname="com.VacuumCleaner.Runners.CukesRunner" time="0.009">
    <error message="path must exist: C:\Users\Saleh\Desktop\VacuumCleaner\VacuumCleaner\features" type="java.lang.IllegalArgumentException">java.lang.IllegalArgumentException: path must exist: C:\Users\Saleh\Desktop\VacuumCleaner\VacuumCleaner\features
</error>
    <system-out><![CDATA[Jan 06, 2021 3:26:26 PM io.cucumber.junit.Cucumber <init>
WARNING: By default Cucumber is running in --non-strict mode.
This default will change to --strict and --non-strict will be removed.
You can use --strict or @CucumberOptions(strict = true) to suppress this warning
]]></system-out>
  </testcase>
</testsuite>